<?xml version="1.0" encoding="UTF-8"?>
<robot generator="Robot 6.0.2 (Python 3.11.5 on win32)" generated="20231113 11:36:26.280" rpa="false" schemaversion="3">
<suite id="s1" name="Cadastro" source="C:\prime-robot-orange\tests\cadastro.robot">
<kw name="Abrir Sistema" library="context" type="SETUP">
<kw name="Open Browser" library="SeleniumLibrary">
<arg>${URL}</arg>
<arg>${BROWSER}</arg>
<doc>Opens a new browser instance to the optional ``url``.</doc>
<msg timestamp="20231113 11:36:27.991" level="INFO">Opening browser 'Chrome' to base url 'https://opensource-demo.orangehrmlive.com/'.</msg>
<status status="PASS" starttime="20231113 11:36:27.990" endtime="20231113 11:36:35.452"/>
</kw>
<kw name="Maximize Browser Window" library="SeleniumLibrary">
<doc>Maximizes current browser window.</doc>
<status status="PASS" starttime="20231113 11:36:35.453" endtime="20231113 11:36:35.592"/>
</kw>
<kw name="Set Browser Implicit Wait" library="SeleniumLibrary">
<arg>60</arg>
<doc>Sets the implicit wait value used by Selenium.</doc>
<status status="PASS" starttime="20231113 11:36:35.592" endtime="20231113 11:36:35.596"/>
</kw>
<kw name="Wait Until Element Is Visible" library="SeleniumLibrary">
<arg>${buttonLogin}</arg>
<arg>60</arg>
<doc>Waits until the element ``locator`` is visible.</doc>
<status status="PASS" starttime="20231113 11:36:35.597" endtime="20231113 11:36:36.173"/>
</kw>
<kw name="Sleep" library="BuiltIn">
<arg>1</arg>
<doc>Pauses the test executed for the given time.</doc>
<msg timestamp="20231113 11:36:37.174" level="INFO">Slept 1 second</msg>
<status status="PASS" starttime="20231113 11:36:36.173" endtime="20231113 11:36:37.174"/>
</kw>
<kw name="Capture Page Screenshot" library="SeleniumLibrary">
<doc>Takes a screenshot of the current page and embeds it into a log file.</doc>
<msg timestamp="20231113 11:36:37.387" level="INFO" html="true">&lt;/td&gt;&lt;/tr&gt;&lt;tr&gt;&lt;td colspan="3"&gt;&lt;a href="selenium-screenshot-1.png"&gt;&lt;img src="selenium-screenshot-1.png" width="800px"&gt;&lt;/a&gt;</msg>
<status status="PASS" starttime="20231113 11:36:37.175" endtime="20231113 11:36:37.387"/>
</kw>
<status status="PASS" starttime="20231113 11:36:27.990" endtime="20231113 11:36:37.388"/>
</kw>
<test id="s1-t1" name="CT001:Realizar a alteração de informações do cadastro" line="8">
<kw name="Dado que realizo login no sistema com usuario &quot;Admin&quot; e senha &quot;admin123&quot;" library="context" sourcename="Dado que realizo login no sistema com usuario &quot;${user}&quot; e senha &quot;${pwd}&quot;">
<kw name="Wait Until Element Is Visible" library="SeleniumLibrary">
<arg>${fieldUser}</arg>
<arg>30</arg>
<doc>Waits until the element ``locator`` is visible.</doc>
<status status="PASS" starttime="20231113 11:36:37.393" endtime="20231113 11:36:37.447"/>
</kw>
<kw name="Input Text" library="SeleniumLibrary">
<arg>${fieldUser}</arg>
<arg>${user}</arg>
<doc>Types the given ``text`` into the text field identified by ``locator``.</doc>
<msg timestamp="20231113 11:36:37.449" level="INFO">Typing text 'Admin' into text field 'name=username'.</msg>
<status status="PASS" starttime="20231113 11:36:37.448" endtime="20231113 11:36:37.609"/>
</kw>
<kw name="Input Password" library="SeleniumLibrary">
<arg>${fieldPwd}</arg>
<arg>${pwd}</arg>
<doc>Types the given password into the text field identified by ``locator``.</doc>
<msg timestamp="20231113 11:36:37.611" level="INFO">Typing password into text field 'name=password'.</msg>
<msg timestamp="20231113 11:36:37.669" level="INFO">Temporally setting log level to: NONE</msg>
<msg timestamp="20231113 11:36:37.784" level="INFO">Log level changed from NONE to INFO.</msg>
<status status="PASS" starttime="20231113 11:36:37.609" endtime="20231113 11:36:37.784"/>
</kw>
<kw name="Capture Page Screenshot" library="SeleniumLibrary">
<doc>Takes a screenshot of the current page and embeds it into a log file.</doc>
<msg timestamp="20231113 11:36:38.004" level="INFO" html="true">&lt;/td&gt;&lt;/tr&gt;&lt;tr&gt;&lt;td colspan="3"&gt;&lt;a href="selenium-screenshot-2.png"&gt;&lt;img src="selenium-screenshot-2.png" width="800px"&gt;&lt;/a&gt;</msg>
<status status="PASS" starttime="20231113 11:36:37.784" endtime="20231113 11:36:38.004"/>
</kw>
<kw name="Click Button" library="SeleniumLibrary">
<arg>${buttonLogin}</arg>
<doc>Clicks the button identified by ``locator``.</doc>
<msg timestamp="20231113 11:36:38.006" level="INFO">Clicking button 'xpath=//button[@type="submit"]'.</msg>
<status status="PASS" starttime="20231113 11:36:38.005" endtime="20231113 11:36:38.124"/>
</kw>
<kw name="Wait Until Element Is Visible" library="SeleniumLibrary">
<arg>${elementMenu}</arg>
<arg>30</arg>
<doc>Waits until the element ``locator`` is visible.</doc>
<status status="PASS" starttime="20231113 11:36:38.124" endtime="20231113 11:36:40.090"/>
</kw>
<kw name="Sleep" library="BuiltIn">
<arg>1</arg>
<doc>Pauses the test executed for the given time.</doc>
<msg timestamp="20231113 11:36:41.090" level="INFO">Slept 1 second</msg>
<status status="PASS" starttime="20231113 11:36:40.090" endtime="20231113 11:36:41.090"/>
</kw>
<kw name="Capture Page Screenshot" library="SeleniumLibrary">
<doc>Takes a screenshot of the current page and embeds it into a log file.</doc>
<msg timestamp="20231113 11:36:41.390" level="INFO" html="true">&lt;/td&gt;&lt;/tr&gt;&lt;tr&gt;&lt;td colspan="3"&gt;&lt;a href="selenium-screenshot-3.png"&gt;&lt;img src="selenium-screenshot-3.png" width="800px"&gt;&lt;/a&gt;</msg>
<status status="PASS" starttime="20231113 11:36:41.090" endtime="20231113 11:36:41.390"/>
</kw>
<status status="PASS" starttime="20231113 11:36:37.393" endtime="20231113 11:36:41.390"/>
</kw>
<kw name="Quando clicar em &quot;My Info&quot;" library="cadastro_steps" sourcename="Quando clicar em &quot;${menuItem}&quot;">
<kw name="Click Link" library="SeleniumLibrary">
<arg>Link=${menuItem}</arg>
<doc>Clicks a link identified by ``locator``.</doc>
<msg timestamp="20231113 11:36:41.391" level="INFO">Clicking link 'Link=My Info'.</msg>
<status status="PASS" starttime="20231113 11:36:41.391" endtime="20231113 11:36:43.008"/>
</kw>
<kw name="Wait Until Element Is Visible" library="SeleniumLibrary">
<arg>${fieldFirstName}</arg>
<arg>30</arg>
<doc>Waits until the element ``locator`` is visible.</doc>
<status status="PASS" starttime="20231113 11:36:43.008" endtime="20231113 11:36:43.770"/>
</kw>
<kw name="Sleep" library="BuiltIn">
<arg>1</arg>
<doc>Pauses the test executed for the given time.</doc>
<msg timestamp="20231113 11:36:44.770" level="INFO">Slept 1 second</msg>
<status status="PASS" starttime="20231113 11:36:43.770" endtime="20231113 11:36:44.770"/>
</kw>
<kw name="Capture Page Screenshot" library="SeleniumLibrary">
<doc>Takes a screenshot of the current page and embeds it into a log file.</doc>
<msg timestamp="20231113 11:36:45.053" level="INFO" html="true">&lt;/td&gt;&lt;/tr&gt;&lt;tr&gt;&lt;td colspan="3"&gt;&lt;a href="selenium-screenshot-4.png"&gt;&lt;img src="selenium-screenshot-4.png" width="800px"&gt;&lt;/a&gt;</msg>
<status status="PASS" starttime="20231113 11:36:44.771" endtime="20231113 11:36:45.053"/>
</kw>
<status status="PASS" starttime="20231113 11:36:41.391" endtime="20231113 11:36:45.053"/>
</kw>
<kw name="E realizar o preenchimento dos campos com dados aleatorios" library="cadastro_steps">
<kw name="First Name" library="FakerLibrary">
<var>${name}</var>
<msg timestamp="20231113 11:36:45.054" level="INFO">${name} = Kelly</msg>
<status status="PASS" starttime="20231113 11:36:45.054" endtime="20231113 11:36:45.054"/>
</kw>
<kw name="Preencher campo" library="web_keywords">
<arg>${fieldFirstName}</arg>
<arg>${name}</arg>
<kw name="Wait Until Element Is Visible" library="SeleniumLibrary">
<arg>${elemento}</arg>
<arg>30</arg>
<doc>Waits until the element ``locator`` is visible.</doc>
<status status="PASS" starttime="20231113 11:36:45.055" endtime="20231113 11:36:45.084"/>
</kw>
<kw name="Click Element" library="SeleniumLibrary">
<arg>${elemento}</arg>
<doc>Click the element identified by ``locator``.</doc>
<msg timestamp="20231113 11:36:45.084" level="INFO">Clicking element 'name=firstName'.</msg>
<status status="PASS" starttime="20231113 11:36:45.084" endtime="20231113 11:36:45.191"/>
</kw>
<kw name="Press Keys" library="SeleniumLibrary">
<arg>${elemento}</arg>
<arg>CTRL+a</arg>
<arg>BACKSPACE</arg>
<doc>Simulates the user pressing key(s) to an element or on the active browser.</doc>
<msg timestamp="20231113 11:36:45.220" level="INFO">Sending key(s) ('CTRL+a', 'BACKSPACE') to name=firstName element.</msg>
<msg timestamp="20231113 11:36:45.528" level="INFO">Pressing special key CONTROL down.</msg>
<msg timestamp="20231113 11:36:45.528" level="INFO">Sending key a</msg>
<msg timestamp="20231113 11:36:45.528" level="INFO">Releasing special key CONTROL.</msg>
<msg timestamp="20231113 11:36:45.578" level="INFO">Pressing special key BACKSPACE to element.</msg>
<msg timestamp="20231113 11:36:45.579" level="INFO">Releasing special key BACKSPACE.</msg>
<status status="PASS" starttime="20231113 11:36:45.192" endtime="20231113 11:36:45.611"/>
</kw>
<kw name="Input Text" library="SeleniumLibrary">
<arg>${elemento}</arg>
<arg>${valor}</arg>
<doc>Types the given ``text`` into the text field identified by ``locator``.</doc>
<msg timestamp="20231113 11:36:45.613" level="INFO">Typing text 'Kelly' into text field 'name=firstName'.</msg>
<status status="PASS" starttime="20231113 11:36:45.612" endtime="20231113 11:36:45.772"/>
</kw>
<status status="PASS" starttime="20231113 11:36:45.054" endtime="20231113 11:36:45.772"/>
</kw>
<kw name="Last Name" library="FakerLibrary">
<var>${midlleName}</var>
<msg timestamp="20231113 11:36:45.773" level="INFO">${midlleName} = Anderson</msg>
<status status="PASS" starttime="20231113 11:36:45.772" endtime="20231113 11:36:45.774"/>
</kw>
<kw name="Preencher campo" library="web_keywords">
<arg>${fieldMidlleName}</arg>
<arg>${midlleName}</arg>
<kw name="Wait Until Element Is Visible" library="SeleniumLibrary">
<arg>${elemento}</arg>
<arg>30</arg>
<doc>Waits until the element ``locator`` is visible.</doc>
<status status="PASS" starttime="20231113 11:36:45.776" endtime="20231113 11:36:45.809"/>
</kw>
<kw name="Click Element" library="SeleniumLibrary">
<arg>${elemento}</arg>
<doc>Click the element identified by ``locator``.</doc>
<msg timestamp="20231113 11:36:45.809" level="INFO">Clicking element 'name=middleName'.</msg>
<status status="PASS" starttime="20231113 11:36:45.809" endtime="20231113 11:36:45.890"/>
</kw>
<kw name="Press Keys" library="SeleniumLibrary">
<arg>${elemento}</arg>
<arg>CTRL+a</arg>
<arg>BACKSPACE</arg>
<doc>Simulates the user pressing key(s) to an element or on the active browser.</doc>
<msg timestamp="20231113 11:36:45.895" level="INFO">Sending key(s) ('CTRL+a', 'BACKSPACE') to name=middleName element.</msg>
<msg timestamp="20231113 11:36:46.215" level="INFO">Pressing special key CONTROL down.</msg>
<msg timestamp="20231113 11:36:46.215" level="INFO">Sending key a</msg>
<msg timestamp="20231113 11:36:46.215" level="INFO">Releasing special key CONTROL.</msg>
<msg timestamp="20231113 11:36:46.230" level="INFO">Pressing special key BACKSPACE to element.</msg>
<msg timestamp="20231113 11:36:46.230" level="INFO">Releasing special key BACKSPACE.</msg>
<status status="PASS" starttime="20231113 11:36:45.894" endtime="20231113 11:36:46.244"/>
</kw>
<kw name="Input Text" library="SeleniumLibrary">
<arg>${elemento}</arg>
<arg>${valor}</arg>
<doc>Types the given ``text`` into the text field identified by ``locator``.</doc>
<msg timestamp="20231113 11:36:46.245" level="INFO">Typing text 'Anderson' into text field 'name=middleName'.</msg>
<status status="PASS" starttime="20231113 11:36:46.245" endtime="20231113 11:36:46.428"/>
</kw>
<status status="PASS" starttime="20231113 11:36:45.775" endtime="20231113 11:36:46.428"/>
</kw>
<kw name="Last Name" library="FakerLibrary">
<var>${lastName}</var>
<msg timestamp="20231113 11:36:46.429" level="INFO">${lastName} = Shannon</msg>
<status status="PASS" starttime="20231113 11:36:46.429" endtime="20231113 11:36:46.429"/>
</kw>
<kw name="Preencher campo" library="web_keywords">
<arg>${fieldLastName}</arg>
<arg>${lastName}</arg>
<kw name="Wait Until Element Is Visible" library="SeleniumLibrary">
<arg>${elemento}</arg>
<arg>30</arg>
<doc>Waits until the element ``locator`` is visible.</doc>
<status status="PASS" starttime="20231113 11:36:46.430" endtime="20231113 11:36:46.475"/>
</kw>
<kw name="Click Element" library="SeleniumLibrary">
<arg>${elemento}</arg>
<doc>Click the element identified by ``locator``.</doc>
<msg timestamp="20231113 11:36:46.477" level="INFO">Clicking element 'name=lastName'.</msg>
<status status="PASS" starttime="20231113 11:36:46.476" endtime="20231113 11:36:46.580"/>
</kw>
<kw name="Press Keys" library="SeleniumLibrary">
<arg>${elemento}</arg>
<arg>CTRL+a</arg>
<arg>BACKSPACE</arg>
<doc>Simulates the user pressing key(s) to an element or on the active browser.</doc>
<msg timestamp="20231113 11:36:46.582" level="INFO">Sending key(s) ('CTRL+a', 'BACKSPACE') to name=lastName element.</msg>
<msg timestamp="20231113 11:36:46.898" level="INFO">Pressing special key CONTROL down.</msg>
<msg timestamp="20231113 11:36:46.898" level="INFO">Sending key a</msg>
<msg timestamp="20231113 11:36:46.898" level="INFO">Releasing special key CONTROL.</msg>
<msg timestamp="20231113 11:36:46.918" level="INFO">Pressing special key BACKSPACE to element.</msg>
<msg timestamp="20231113 11:36:46.918" level="INFO">Releasing special key BACKSPACE.</msg>
<status status="PASS" starttime="20231113 11:36:46.581" endtime="20231113 11:36:46.954"/>
</kw>
<kw name="Input Text" library="SeleniumLibrary">
<arg>${elemento}</arg>
<arg>${valor}</arg>
<doc>Types the given ``text`` into the text field identified by ``locator``.</doc>
<msg timestamp="20231113 11:36:46.956" level="INFO">Typing text 'Shannon' into text field 'name=lastName'.</msg>
<status status="PASS" starttime="20231113 11:36:46.954" endtime="20231113 11:36:47.115"/>
</kw>
<status status="PASS" starttime="20231113 11:36:46.429" endtime="20231113 11:36:47.115"/>
</kw>
<kw name="Nic Handle" library="FakerLibrary">
<var>${nickname}</var>
<doc>Returns NIC Handle ID
https://www.apnic.net/manage-ip/using-whois/guide/person/</doc>
<msg timestamp="20231113 11:36:47.116" level="INFO">${nickname} = SUS7526-FAKE</msg>
<status status="PASS" starttime="20231113 11:36:47.116" endtime="20231113 11:36:47.116"/>
</kw>
<kw name="Preencher campo" library="web_keywords">
<arg>${fieldNickName}</arg>
<arg>${nickname}</arg>
<kw name="Wait Until Element Is Visible" library="SeleniumLibrary">
<arg>${elemento}</arg>
<arg>30</arg>
<doc>Waits until the element ``locator`` is visible.</doc>
<status status="PASS" starttime="20231113 11:36:47.119" endtime="20231113 11:36:47.153"/>
</kw>
<kw name="Click Element" library="SeleniumLibrary">
<arg>${elemento}</arg>
<doc>Click the element identified by ``locator``.</doc>
<msg timestamp="20231113 11:36:47.154" level="INFO">Clicking element 'xpath=(//div[@class='oxd-input-group__label-wrapper'])[5]/following-sibling::div/input'.</msg>
<status status="PASS" starttime="20231113 11:36:47.153" endtime="20231113 11:36:47.240"/>
</kw>
<kw name="Press Keys" library="SeleniumLibrary">
<arg>${elemento}</arg>
<arg>CTRL+a</arg>
<arg>BACKSPACE</arg>
<doc>Simulates the user pressing key(s) to an element or on the active browser.</doc>
<msg timestamp="20231113 11:36:47.241" level="INFO">Sending key(s) ('CTRL+a', 'BACKSPACE') to xpath=(//div[@class='oxd-input-group__label-wrapper'])[5]/following-sibling::div/input element.</msg>
<msg timestamp="20231113 11:36:47.550" level="INFO">Pressing special key CONTROL down.</msg>
<msg timestamp="20231113 11:36:47.552" level="INFO">Sending key a</msg>
<msg timestamp="20231113 11:36:47.552" level="INFO">Releasing special key CONTROL.</msg>
<msg timestamp="20231113 11:36:47.584" level="INFO">Pressing special key BACKSPACE to element.</msg>
<msg timestamp="20231113 11:36:47.584" level="INFO">Releasing special key BACKSPACE.</msg>
<status status="PASS" starttime="20231113 11:36:47.240" endtime="20231113 11:36:47.612"/>
</kw>
<kw name="Input Text" library="SeleniumLibrary">
<arg>${elemento}</arg>
<arg>${valor}</arg>
<doc>Types the given ``text`` into the text field identified by ``locator``.</doc>
<msg timestamp="20231113 11:36:47.614" level="INFO">Typing text 'SUS7526-FAKE' into text field 'xpath=(//div[@class='oxd-input-group__label-wrapper'])[5]/following-sibling::div/input'.</msg>
<status status="PASS" starttime="20231113 11:36:47.613" endtime="20231113 11:36:47.840"/>
</kw>
<status status="PASS" starttime="20231113 11:36:47.117" endtime="20231113 11:36:47.840"/>
</kw>
<kw name="Random Number" library="FakerLibrary">
<var>${employedId}</var>
<doc>Generate a random integer according to the following rules:</doc>
<msg timestamp="20231113 11:36:47.841" level="INFO">${employedId} = 830</msg>
<status status="PASS" starttime="20231113 11:36:47.841" endtime="20231113 11:36:47.841"/>
</kw>
<kw name="Preencher campo" library="web_keywords">
<arg>${fieldEmployedId}</arg>
<arg>${employedId}</arg>
<kw name="Wait Until Element Is Visible" library="SeleniumLibrary">
<arg>${elemento}</arg>
<arg>30</arg>
<doc>Waits until the element ``locator`` is visible.</doc>
<status status="PASS" starttime="20231113 11:36:47.842" endtime="20231113 11:36:47.881"/>
</kw>
<kw name="Click Element" library="SeleniumLibrary">
<arg>${elemento}</arg>
<doc>Click the element identified by ``locator``.</doc>
<msg timestamp="20231113 11:36:47.881" level="INFO">Clicking element 'xpath=(//div[@class='oxd-input-group__label-wrapper'])[6]/following-sibling::div/input'.</msg>
<status status="PASS" starttime="20231113 11:36:47.881" endtime="20231113 11:36:47.963"/>
</kw>
<kw name="Press Keys" library="SeleniumLibrary">
<arg>${elemento}</arg>
<arg>CTRL+a</arg>
<arg>BACKSPACE</arg>
<doc>Simulates the user pressing key(s) to an element or on the active browser.</doc>
<msg timestamp="20231113 11:36:47.964" level="INFO">Sending key(s) ('CTRL+a', 'BACKSPACE') to xpath=(//div[@class='oxd-input-group__label-wrapper'])[6]/following-sibling::div/input element.</msg>
<msg timestamp="20231113 11:36:48.264" level="INFO">Pressing special key CONTROL down.</msg>
<msg timestamp="20231113 11:36:48.265" level="INFO">Sending key a</msg>
<msg timestamp="20231113 11:36:48.265" level="INFO">Releasing special key CONTROL.</msg>
<msg timestamp="20231113 11:36:48.311" level="INFO">Pressing special key BACKSPACE to element.</msg>
<msg timestamp="20231113 11:36:48.311" level="INFO">Releasing special key BACKSPACE.</msg>
<status status="PASS" starttime="20231113 11:36:47.963" endtime="20231113 11:36:48.344"/>
</kw>
<kw name="Input Text" library="SeleniumLibrary">
<arg>${elemento}</arg>
<arg>${valor}</arg>
<doc>Types the given ``text`` into the text field identified by ``locator``.</doc>
<msg timestamp="20231113 11:36:48.346" level="INFO">Typing text '830' into text field 'xpath=(//div[@class='oxd-input-group__label-wrapper'])[6]/following-sibling::div/input'.</msg>
<status status="PASS" starttime="20231113 11:36:48.345" endtime="20231113 11:36:48.458"/>
</kw>
<status status="PASS" starttime="20231113 11:36:47.841" endtime="20231113 11:36:48.458"/>
</kw>
<kw name="Random Number" library="FakerLibrary">
<var>${otherId}</var>
<doc>Generate a random integer according to the following rules:</doc>
<msg timestamp="20231113 11:36:48.458" level="INFO">${otherId} = 59762</msg>
<status status="PASS" starttime="20231113 11:36:48.458" endtime="20231113 11:36:48.458"/>
</kw>
<kw name="Preencher campo" library="web_keywords">
<arg>${fieldOtherId}</arg>
<arg>${otherId}</arg>
<kw name="Wait Until Element Is Visible" library="SeleniumLibrary">
<arg>${elemento}</arg>
<arg>30</arg>
<doc>Waits until the element ``locator`` is visible.</doc>
<status status="PASS" starttime="20231113 11:36:48.459" endtime="20231113 11:36:48.491"/>
</kw>
<kw name="Click Element" library="SeleniumLibrary">
<arg>${elemento}</arg>
<doc>Click the element identified by ``locator``.</doc>
<msg timestamp="20231113 11:36:48.492" level="INFO">Clicking element 'xpath=(//div[@class='oxd-input-group__label-wrapper'])[7]/following-sibling::div/input'.</msg>
<status status="PASS" starttime="20231113 11:36:48.491" endtime="20231113 11:36:48.573"/>
</kw>
<kw name="Press Keys" library="SeleniumLibrary">
<arg>${elemento}</arg>
<arg>CTRL+a</arg>
<arg>BACKSPACE</arg>
<doc>Simulates the user pressing key(s) to an element or on the active browser.</doc>
<msg timestamp="20231113 11:36:48.575" level="INFO">Sending key(s) ('CTRL+a', 'BACKSPACE') to xpath=(//div[@class='oxd-input-group__label-wrapper'])[7]/following-sibling::div/input element.</msg>
<msg timestamp="20231113 11:36:48.877" level="INFO">Pressing special key CONTROL down.</msg>
<msg timestamp="20231113 11:36:48.877" level="INFO">Sending key a</msg>
<msg timestamp="20231113 11:36:48.878" level="INFO">Releasing special key CONTROL.</msg>
<msg timestamp="20231113 11:36:48.910" level="INFO">Pressing special key BACKSPACE to element.</msg>
<msg timestamp="20231113 11:36:48.910" level="INFO">Releasing special key BACKSPACE.</msg>
<status status="PASS" starttime="20231113 11:36:48.573" endtime="20231113 11:36:48.928"/>
</kw>
<kw name="Input Text" library="SeleniumLibrary">
<arg>${elemento}</arg>
<arg>${valor}</arg>
<doc>Types the given ``text`` into the text field identified by ``locator``.</doc>
<msg timestamp="20231113 11:36:48.929" level="INFO">Typing text '59762' into text field 'xpath=(//div[@class='oxd-input-group__label-wrapper'])[7]/following-sibling::div/input'.</msg>
<status status="PASS" starttime="20231113 11:36:48.928" endtime="20231113 11:36:49.076"/>
</kw>
<status status="PASS" starttime="20231113 11:36:48.458" endtime="20231113 11:36:49.076"/>
</kw>
<kw name="Random Number" library="FakerLibrary">
<var>${drivers}</var>
<doc>Generate a random integer according to the following rules:</doc>
<msg timestamp="20231113 11:36:49.076" level="INFO">${drivers} = 702911</msg>
<status status="PASS" starttime="20231113 11:36:49.076" endtime="20231113 11:36:49.076"/>
</kw>
<kw name="Preencher campo" library="web_keywords">
<arg>${fieldDrivers}</arg>
<arg>${drivers}</arg>
<kw name="Wait Until Element Is Visible" library="SeleniumLibrary">
<arg>${elemento}</arg>
<arg>30</arg>
<doc>Waits until the element ``locator`` is visible.</doc>
<status status="PASS" starttime="20231113 11:36:49.077" endtime="20231113 11:36:49.112"/>
</kw>
<kw name="Click Element" library="SeleniumLibrary">
<arg>${elemento}</arg>
<doc>Click the element identified by ``locator``.</doc>
<msg timestamp="20231113 11:36:49.113" level="INFO">Clicking element 'xpath=(//div[@class='oxd-input-group__label-wrapper'])[8]/following-sibling::div/input'.</msg>
<status status="PASS" starttime="20231113 11:36:49.113" endtime="20231113 11:36:49.208"/>
</kw>
<kw name="Press Keys" library="SeleniumLibrary">
<arg>${elemento}</arg>
<arg>CTRL+a</arg>
<arg>BACKSPACE</arg>
<doc>Simulates the user pressing key(s) to an element or on the active browser.</doc>
<msg timestamp="20231113 11:36:49.210" level="INFO">Sending key(s) ('CTRL+a', 'BACKSPACE') to xpath=(//div[@class='oxd-input-group__label-wrapper'])[8]/following-sibling::div/input element.</msg>
<msg timestamp="20231113 11:36:49.542" level="INFO">Pressing special key CONTROL down.</msg>
<msg timestamp="20231113 11:36:49.542" level="INFO">Sending key a</msg>
<msg timestamp="20231113 11:36:49.543" level="INFO">Releasing special key CONTROL.</msg>
<msg timestamp="20231113 11:36:49.575" level="INFO">Pressing special key BACKSPACE to element.</msg>
<msg timestamp="20231113 11:36:49.575" level="INFO">Releasing special key BACKSPACE.</msg>
<status status="PASS" starttime="20231113 11:36:49.208" endtime="20231113 11:36:49.589"/>
</kw>
<kw name="Input Text" library="SeleniumLibrary">
<arg>${elemento}</arg>
<arg>${valor}</arg>
<doc>Types the given ``text`` into the text field identified by ``locator``.</doc>
<msg timestamp="20231113 11:36:49.590" level="INFO">Typing text '702911' into text field 'xpath=(//div[@class='oxd-input-group__label-wrapper'])[8]/following-sibling::div/input'.</msg>
<status status="PASS" starttime="20231113 11:36:49.589" endtime="20231113 11:36:49.728"/>
</kw>
<status status="PASS" starttime="20231113 11:36:49.076" endtime="20231113 11:36:49.728"/>
</kw>
<kw name="Preencher data" library="web_keywords">
<arg>${fieldLicenseDate}</arg>
<kw name="Get Current Date" library="DateTime">
<var>${date}</var>
<arg>result_format=%Y-%m-%d</arg>
<doc>Returns current local or UTC time with an optional increment.</doc>
<msg timestamp="20231113 11:36:49.731" level="INFO">${date} = 2023-11-13</msg>
<status status="PASS" starttime="20231113 11:36:49.729" endtime="20231113 11:36:49.731"/>
</kw>
<kw name="Preencher campo" library="web_keywords">
<arg>${elemento}</arg>
<arg>${date}</arg>
<kw name="Wait Until Element Is Visible" library="SeleniumLibrary">
<arg>${elemento}</arg>
<arg>30</arg>
<doc>Waits until the element ``locator`` is visible.</doc>
<status status="PASS" starttime="20231113 11:36:49.731" endtime="20231113 11:36:49.763"/>
</kw>
<kw name="Click Element" library="SeleniumLibrary">
<arg>${elemento}</arg>
<doc>Click the element identified by ``locator``.</doc>
<msg timestamp="20231113 11:36:49.764" level="INFO">Clicking element 'xpath=(//*[@id="app"]//input)[9]'.</msg>
<status status="PASS" starttime="20231113 11:36:49.763" endtime="20231113 11:36:49.877"/>
</kw>
<kw name="Press Keys" library="SeleniumLibrary">
<arg>${elemento}</arg>
<arg>CTRL+a</arg>
<arg>BACKSPACE</arg>
<doc>Simulates the user pressing key(s) to an element or on the active browser.</doc>
<msg timestamp="20231113 11:36:49.879" level="INFO">Sending key(s) ('CTRL+a', 'BACKSPACE') to xpath=(//*[@id="app"]//input)[9] element.</msg>
<msg timestamp="20231113 11:36:50.207" level="INFO">Pressing special key CONTROL down.</msg>
<msg timestamp="20231113 11:36:50.207" level="INFO">Sending key a</msg>
<msg timestamp="20231113 11:36:50.207" level="INFO">Releasing special key CONTROL.</msg>
<msg timestamp="20231113 11:36:50.250" level="INFO">Pressing special key BACKSPACE to element.</msg>
<msg timestamp="20231113 11:36:50.250" level="INFO">Releasing special key BACKSPACE.</msg>
<status status="PASS" starttime="20231113 11:36:49.878" endtime="20231113 11:36:50.270"/>
</kw>
<kw name="Input Text" library="SeleniumLibrary">
<arg>${elemento}</arg>
<arg>${valor}</arg>
<doc>Types the given ``text`` into the text field identified by ``locator``.</doc>
<msg timestamp="20231113 11:36:50.270" level="INFO">Typing text '2023-11-13' into text field 'xpath=(//*[@id="app"]//input)[9]'.</msg>
<status status="PASS" starttime="20231113 11:36:50.270" endtime="20231113 11:36:50.436"/>
</kw>
<status status="PASS" starttime="20231113 11:36:49.731" endtime="20231113 11:36:50.436"/>
</kw>
<status status="PASS" starttime="20231113 11:36:49.728" endtime="20231113 11:36:50.436"/>
</kw>
<kw name="Random Number" library="FakerLibrary">
<var>${ssn}</var>
<doc>Generate a random integer according to the following rules:</doc>
<msg timestamp="20231113 11:36:50.437" level="INFO">${ssn} = 368503530</msg>
<status status="PASS" starttime="20231113 11:36:50.437" endtime="20231113 11:36:50.437"/>
</kw>
<kw name="Preencher campo" library="web_keywords">
<arg>${fieldSsnNumber}</arg>
<arg>${ssn}</arg>
<kw name="Wait Until Element Is Visible" library="SeleniumLibrary">
<arg>${elemento}</arg>
<arg>30</arg>
<doc>Waits until the element ``locator`` is visible.</doc>
<status status="PASS" starttime="20231113 11:36:50.437" endtime="20231113 11:36:50.475"/>
</kw>
<kw name="Click Element" library="SeleniumLibrary">
<arg>${elemento}</arg>
<doc>Click the element identified by ``locator``.</doc>
<msg timestamp="20231113 11:36:50.476" level="INFO">Clicking element 'xpath=(//div[@class='oxd-input-group__label-wrapper'])[10]/following-sibling::div/input'.</msg>
<status status="PASS" starttime="20231113 11:36:50.476" endtime="20231113 11:36:50.574"/>
</kw>
<kw name="Press Keys" library="SeleniumLibrary">
<arg>${elemento}</arg>
<arg>CTRL+a</arg>
<arg>BACKSPACE</arg>
<doc>Simulates the user pressing key(s) to an element or on the active browser.</doc>
<msg timestamp="20231113 11:36:50.577" level="INFO">Sending key(s) ('CTRL+a', 'BACKSPACE') to xpath=(//div[@class='oxd-input-group__label-wrapper'])[10]/following-sibling::div/input element.</msg>
<msg timestamp="20231113 11:36:50.878" level="INFO">Pressing special key CONTROL down.</msg>
<msg timestamp="20231113 11:36:50.878" level="INFO">Sending key a</msg>
<msg timestamp="20231113 11:36:50.879" level="INFO">Releasing special key CONTROL.</msg>
<msg timestamp="20231113 11:36:50.914" level="INFO">Pressing special key BACKSPACE to element.</msg>
<msg timestamp="20231113 11:36:50.914" level="INFO">Releasing special key BACKSPACE.</msg>
<status status="PASS" starttime="20231113 11:36:50.575" endtime="20231113 11:36:50.930"/>
</kw>
<kw name="Input Text" library="SeleniumLibrary">
<arg>${elemento}</arg>
<arg>${valor}</arg>
<doc>Types the given ``text`` into the text field identified by ``locator``.</doc>
<msg timestamp="20231113 11:36:50.932" level="INFO">Typing text '368503530' into text field 'xpath=(//div[@class='oxd-input-group__label-wrapper'])[10]/following-sibling::div/input'.</msg>
<status status="PASS" starttime="20231113 11:36:50.930" endtime="20231113 11:36:51.130"/>
</kw>
<status status="PASS" starttime="20231113 11:36:50.437" endtime="20231113 11:36:51.130"/>
</kw>
<kw name="Random Number" library="FakerLibrary">
<var>${sin}</var>
<doc>Generate a random integer according to the following rules:</doc>
<msg timestamp="20231113 11:36:51.131" level="INFO">${sin} = 27106</msg>
<status status="PASS" starttime="20231113 11:36:51.130" endtime="20231113 11:36:51.131"/>
</kw>
<kw name="Preencher campo" library="web_keywords">
<arg>${fieldSinNumber}</arg>
<arg>${sin}</arg>
<kw name="Wait Until Element Is Visible" library="SeleniumLibrary">
<arg>${elemento}</arg>
<arg>30</arg>
<doc>Waits until the element ``locator`` is visible.</doc>
<status status="PASS" starttime="20231113 11:36:51.132" endtime="20231113 11:36:51.178"/>
</kw>
<kw name="Click Element" library="SeleniumLibrary">
<arg>${elemento}</arg>
<doc>Click the element identified by ``locator``.</doc>
<msg timestamp="20231113 11:36:51.180" level="INFO">Clicking element 'xpath=(//div[@class='oxd-input-group__label-wrapper'])[11]/following-sibling::div/input'.</msg>
<status status="PASS" starttime="20231113 11:36:51.179" endtime="20231113 11:36:51.290"/>
</kw>
<kw name="Press Keys" library="SeleniumLibrary">
<arg>${elemento}</arg>
<arg>CTRL+a</arg>
<arg>BACKSPACE</arg>
<doc>Simulates the user pressing key(s) to an element or on the active browser.</doc>
<msg timestamp="20231113 11:36:51.292" level="INFO">Sending key(s) ('CTRL+a', 'BACKSPACE') to xpath=(//div[@class='oxd-input-group__label-wrapper'])[11]/following-sibling::div/input element.</msg>
<msg timestamp="20231113 11:36:51.609" level="INFO">Pressing special key CONTROL down.</msg>
<msg timestamp="20231113 11:36:51.609" level="INFO">Sending key a</msg>
<msg timestamp="20231113 11:36:51.610" level="INFO">Releasing special key CONTROL.</msg>
<msg timestamp="20231113 11:36:51.639" level="INFO">Pressing special key BACKSPACE to element.</msg>
<msg timestamp="20231113 11:36:51.639" level="INFO">Releasing special key BACKSPACE.</msg>
<status status="PASS" starttime="20231113 11:36:51.291" endtime="20231113 11:36:51.664"/>
</kw>
<kw name="Input Text" library="SeleniumLibrary">
<arg>${elemento}</arg>
<arg>${valor}</arg>
<doc>Types the given ``text`` into the text field identified by ``locator``.</doc>
<msg timestamp="20231113 11:36:51.666" level="INFO">Typing text '27106' into text field 'xpath=(//div[@class='oxd-input-group__label-wrapper'])[11]/following-sibling::div/input'.</msg>
<status status="PASS" starttime="20231113 11:36:51.665" endtime="20231113 11:36:51.802"/>
</kw>
<status status="PASS" starttime="20231113 11:36:51.131" endtime="20231113 11:36:51.803"/>
</kw>
<kw name="Preencher data" library="web_keywords">
<arg>${fieldDateOfBirth}</arg>
<kw name="Get Current Date" library="DateTime">
<var>${date}</var>
<arg>result_format=%Y-%m-%d</arg>
<doc>Returns current local or UTC time with an optional increment.</doc>
<msg timestamp="20231113 11:36:51.803" level="INFO">${date} = 2023-11-13</msg>
<status status="PASS" starttime="20231113 11:36:51.803" endtime="20231113 11:36:51.803"/>
</kw>
<kw name="Preencher campo" library="web_keywords">
<arg>${elemento}</arg>
<arg>${date}</arg>
<kw name="Wait Until Element Is Visible" library="SeleniumLibrary">
<arg>${elemento}</arg>
<arg>30</arg>
<doc>Waits until the element ``locator`` is visible.</doc>
<status status="PASS" starttime="20231113 11:36:51.804" endtime="20231113 11:36:51.836"/>
</kw>
<kw name="Click Element" library="SeleniumLibrary">
<arg>${elemento}</arg>
<doc>Click the element identified by ``locator``.</doc>
<msg timestamp="20231113 11:36:51.837" level="INFO">Clicking element 'xpath=(//*[@id="app"]//input)[12]'.</msg>
<status status="PASS" starttime="20231113 11:36:51.836" endtime="20231113 11:36:51.955"/>
</kw>
<kw name="Press Keys" library="SeleniumLibrary">
<arg>${elemento}</arg>
<arg>CTRL+a</arg>
<arg>BACKSPACE</arg>
<doc>Simulates the user pressing key(s) to an element or on the active browser.</doc>
<msg timestamp="20231113 11:36:51.957" level="INFO">Sending key(s) ('CTRL+a', 'BACKSPACE') to xpath=(//*[@id="app"]//input)[12] element.</msg>
<msg timestamp="20231113 11:36:52.282" level="INFO">Pressing special key CONTROL down.</msg>
<msg timestamp="20231113 11:36:52.282" level="INFO">Sending key a</msg>
<msg timestamp="20231113 11:36:52.282" level="INFO">Releasing special key CONTROL.</msg>
<msg timestamp="20231113 11:36:52.330" level="INFO">Pressing special key BACKSPACE to element.</msg>
<msg timestamp="20231113 11:36:52.330" level="INFO">Releasing special key BACKSPACE.</msg>
<status status="PASS" starttime="20231113 11:36:51.955" endtime="20231113 11:36:52.350"/>
</kw>
<kw name="Input Text" library="SeleniumLibrary">
<arg>${elemento}</arg>
<arg>${valor}</arg>
<doc>Types the given ``text`` into the text field identified by ``locator``.</doc>
<msg timestamp="20231113 11:36:52.351" level="INFO">Typing text '2023-11-13' into text field 'xpath=(//*[@id="app"]//input)[12]'.</msg>
<status status="PASS" starttime="20231113 11:36:52.350" endtime="20231113 11:36:52.504"/>
</kw>
<status status="PASS" starttime="20231113 11:36:51.804" endtime="20231113 11:36:52.504"/>
</kw>
<status status="PASS" starttime="20231113 11:36:51.803" endtime="20231113 11:36:52.504"/>
</kw>
<kw name="Click Element" library="SeleniumLibrary">
<arg>${radioFemale}</arg>
<doc>Click the element identified by ``locator``.</doc>
<msg timestamp="20231113 11:36:52.505" level="INFO">Clicking element 'xpath=(//div[@class="oxd-radio-wrapper"])[2]'.</msg>
<status status="PASS" starttime="20231113 11:36:52.504" endtime="20231113 11:36:52.597"/>
</kw>
<kw name="Capture Page Screenshot" library="SeleniumLibrary">
<doc>Takes a screenshot of the current page and embeds it into a log file.</doc>
<msg timestamp="20231113 11:36:52.847" level="INFO" html="true">&lt;/td&gt;&lt;/tr&gt;&lt;tr&gt;&lt;td colspan="3"&gt;&lt;a href="selenium-screenshot-5.png"&gt;&lt;img src="selenium-screenshot-5.png" width="800px"&gt;&lt;/a&gt;</msg>
<status status="PASS" starttime="20231113 11:36:52.597" endtime="20231113 11:36:52.847"/>
</kw>
<kw name="Click Button" library="SeleniumLibrary">
<arg>${buttonSave1}</arg>
<doc>Clicks the button identified by ``locator``.</doc>
<msg timestamp="20231113 11:36:52.848" level="INFO">Clicking button 'xpath=(//button[@type="submit"])[1]'.</msg>
<status status="PASS" starttime="20231113 11:36:52.847" endtime="20231113 11:36:52.981"/>
</kw>
<kw name="Valida Mensagem" library="web_keywords">
<arg>${messageSuccessfully}</arg>
<arg>${messageUpdated}</arg>
<kw name="Capture Element Screenshot" library="SeleniumLibrary">
<arg>${messageDelivery}</arg>
<doc>Captures a screenshot from the element identified by ``locator`` and embeds it into log file.</doc>
<msg timestamp="20231113 11:36:53.600" level="INFO" html="true">&lt;/td&gt;&lt;/tr&gt;&lt;tr&gt;&lt;td colspan="3"&gt;&lt;a href="selenium-element-screenshot-1.png"&gt;&lt;img src="selenium-element-screenshot-1.png" width="400px"&gt;&lt;/a&gt;</msg>
<status status="PASS" starttime="20231113 11:36:52.982" endtime="20231113 11:36:53.601"/>
</kw>
<kw name="Element Should Contain" library="SeleniumLibrary">
<arg>${messageDelivery}</arg>
<arg>${expectedMessage}</arg>
<doc>Verifies that element ``locator`` contains text ``expected``.</doc>
<msg timestamp="20231113 11:36:53.666" level="INFO">Element 'xpath=//p[@class="oxd-text oxd-text--p oxd-text--toast-message oxd-toast-content-text"]' contains text 'Successfully Updated'.</msg>
<status status="PASS" starttime="20231113 11:36:53.602" endtime="20231113 11:36:53.666"/>
</kw>
<status status="PASS" starttime="20231113 11:36:52.981" endtime="20231113 11:36:53.666"/>
</kw>
<kw name="Click Element" library="SeleniumLibrary">
<arg>${selectCustomFields}</arg>
<doc>Click the element identified by ``locator``.</doc>
<msg timestamp="20231113 11:36:53.667" level="INFO">Clicking element 'xpath=(//div[@class="oxd-select-text-input"])[3]'.</msg>
<status status="PASS" starttime="20231113 11:36:53.666" endtime="20231113 11:36:53.752"/>
</kw>
<kw name="Sleep" library="BuiltIn">
<arg>2</arg>
<doc>Pauses the test executed for the given time.</doc>
<msg timestamp="20231113 11:36:55.754" level="INFO">Slept 2 seconds</msg>
<status status="PASS" starttime="20231113 11:36:53.753" endtime="20231113 11:36:55.754"/>
</kw>
<kw name="Click Element" library="SeleniumLibrary">
<arg>${itenList}</arg>
<doc>Click the element identified by ``locator``.</doc>
<msg timestamp="20231113 11:36:55.756" level="INFO">Clicking element 'xpath=(//button[@class="oxd-button oxd-button--medium oxd-button--secondary orangehrm-left-space"])[2]'.</msg>
<status status="PASS" starttime="20231113 11:36:55.755" endtime="20231113 11:36:55.887"/>
</kw>
<kw name="Wait Until Element Is Visible" library="SeleniumLibrary">
<arg>${buttonSave2}</arg>
<arg>30</arg>
<doc>Waits until the element ``locator`` is visible.</doc>
<status status="PASS" starttime="20231113 11:36:55.887" endtime="20231113 11:36:55.953"/>
</kw>
<kw name="Sleep" library="BuiltIn">
<arg>1</arg>
<doc>Pauses the test executed for the given time.</doc>
<msg timestamp="20231113 11:36:56.953" level="INFO">Slept 1 second</msg>
<status status="PASS" starttime="20231113 11:36:55.953" endtime="20231113 11:36:56.953"/>
</kw>
<kw name="Capture Page Screenshot" library="SeleniumLibrary">
<doc>Takes a screenshot of the current page and embeds it into a log file.</doc>
<msg timestamp="20231113 11:36:57.191" level="INFO" html="true">&lt;/td&gt;&lt;/tr&gt;&lt;tr&gt;&lt;td colspan="3"&gt;&lt;a href="selenium-screenshot-6.png"&gt;&lt;img src="selenium-screenshot-6.png" width="800px"&gt;&lt;/a&gt;</msg>
<status status="PASS" starttime="20231113 11:36:56.954" endtime="20231113 11:36:57.191"/>
</kw>
<kw name="Click Button" library="SeleniumLibrary">
<arg>${buttonSave2}</arg>
<doc>Clicks the button identified by ``locator``.</doc>
<msg timestamp="20231113 11:36:57.192" level="INFO">Clicking button 'xpath=(//button[@type="submit"])[2]'.</msg>
<status status="PASS" starttime="20231113 11:36:57.191" endtime="20231113 11:36:57.299"/>
</kw>
<kw name="Valida Mensagem" library="web_keywords">
<arg>${messageSuccessfully}</arg>
<arg>${messageSaved}</arg>
<kw name="Capture Element Screenshot" library="SeleniumLibrary">
<arg>${messageDelivery}</arg>
<doc>Captures a screenshot from the element identified by ``locator`` and embeds it into log file.</doc>
<msg timestamp="20231113 11:36:57.436" level="INFO" html="true">&lt;/td&gt;&lt;/tr&gt;&lt;tr&gt;&lt;td colspan="3"&gt;&lt;a href="selenium-element-screenshot-2.png"&gt;&lt;img src="selenium-element-screenshot-2.png" width="400px"&gt;&lt;/a&gt;</msg>
<status status="PASS" starttime="20231113 11:36:57.299" endtime="20231113 11:36:57.436"/>
</kw>
<kw name="Element Should Contain" library="SeleniumLibrary">
<arg>${messageDelivery}</arg>
<arg>${expectedMessage}</arg>
<doc>Verifies that element ``locator`` contains text ``expected``.</doc>
<msg timestamp="20231113 11:36:57.476" level="INFO">Element 'xpath=//p[@class="oxd-text oxd-text--p oxd-text--toast-message oxd-toast-content-text"]' contains text 'Successfully Saved'.</msg>
<status status="PASS" starttime="20231113 11:36:57.437" endtime="20231113 11:36:57.476"/>
</kw>
<status status="PASS" starttime="20231113 11:36:57.299" endtime="20231113 11:36:57.477"/>
</kw>
<status status="PASS" starttime="20231113 11:36:45.054" endtime="20231113 11:36:57.477"/>
</kw>
<kw name="Entao adicionar um anexo" library="cadastro_steps">
<kw name="Wait Until Element Is Visible" library="SeleniumLibrary">
<arg>${buttonAdd}</arg>
<arg>30</arg>
<doc>Waits until the element ``locator`` is visible.</doc>
<status status="PASS" starttime="20231113 11:36:57.479" endtime="20231113 11:36:57.520"/>
</kw>
<kw name="Click Element" library="SeleniumLibrary">
<arg>${buttonAdd}</arg>
<doc>Click the element identified by ``locator``.</doc>
<msg timestamp="20231113 11:36:57.520" level="INFO">Clicking element 'xpath=//i[@class="oxd-icon bi-plus oxd-button-icon"]'.</msg>
<status status="PASS" starttime="20231113 11:36:57.520" endtime="20231113 11:36:57.610"/>
</kw>
<kw name="Choose File" library="SeleniumLibrary">
<arg>${buttonOpen}</arg>
<arg>${FILE}\\robo.jpeg</arg>
<doc>Inputs the ``file_path`` into the file input field ``locator``.</doc>
<msg timestamp="20231113 11:36:57.613" level="INFO">Sending C:\prime-robot-orange\image\robo.jpeg to browser.</msg>
<status status="PASS" starttime="20231113 11:36:57.611" endtime="20231113 11:36:57.682"/>
</kw>
<kw name="Input Text" library="SeleniumLibrary">
<arg>${inputAdd}</arg>
<arg>test text</arg>
<doc>Types the given ``text`` into the text field identified by ``locator``.</doc>
<msg timestamp="20231113 11:36:57.682" level="INFO">Typing text 'test text' into text field 'xpath=//*[@placeholder="Type comment here"]'.</msg>
<status status="PASS" starttime="20231113 11:36:57.682" endtime="20231113 11:36:57.878"/>
</kw>
<kw name="Click Element" library="SeleniumLibrary">
<arg>${buttonSave3}</arg>
<doc>Click the element identified by ``locator``.</doc>
<msg timestamp="20231113 11:36:57.880" level="INFO">Clicking element 'xpath=(//button[@type="submit"])[3]'.</msg>
<status status="PASS" starttime="20231113 11:36:57.879" endtime="20231113 11:36:57.988"/>
</kw>
<kw name="Valida Mensagem" library="web_keywords">
<arg>${messageSuccessfully}</arg>
<arg>${messageSaved}</arg>
<kw name="Capture Element Screenshot" library="SeleniumLibrary">
<arg>${messageDelivery}</arg>
<doc>Captures a screenshot from the element identified by ``locator`` and embeds it into log file.</doc>
<msg timestamp="20231113 11:36:58.108" level="INFO" html="true">&lt;/td&gt;&lt;/tr&gt;&lt;tr&gt;&lt;td colspan="3"&gt;&lt;a href="selenium-element-screenshot-3.png"&gt;&lt;img src="selenium-element-screenshot-3.png" width="400px"&gt;&lt;/a&gt;</msg>
<status status="PASS" starttime="20231113 11:36:57.989" endtime="20231113 11:36:58.108"/>
</kw>
<kw name="Element Should Contain" library="SeleniumLibrary">
<arg>${messageDelivery}</arg>
<arg>${expectedMessage}</arg>
<doc>Verifies that element ``locator`` contains text ``expected``.</doc>
<msg timestamp="20231113 11:36:58.164" level="INFO">Element 'xpath=//p[@class="oxd-text oxd-text--p oxd-text--toast-message oxd-toast-content-text"]' contains text 'Successfully Saved'.</msg>
<status status="PASS" starttime="20231113 11:36:58.109" endtime="20231113 11:36:58.164"/>
</kw>
<status status="PASS" starttime="20231113 11:36:57.989" endtime="20231113 11:36:58.164"/>
</kw>
<kw name="Wait Until Element Is Visible" library="SeleniumLibrary">
<arg>${elementUpload}</arg>
<arg>30</arg>
<doc>Waits until the element ``locator`` is visible.</doc>
<status status="PASS" starttime="20231113 11:36:58.165" endtime="20231113 11:36:58.201"/>
</kw>
<kw name="Sleep" library="BuiltIn">
<arg>1</arg>
<doc>Pauses the test executed for the given time.</doc>
<msg timestamp="20231113 11:36:59.202" level="INFO">Slept 1 second</msg>
<status status="PASS" starttime="20231113 11:36:58.201" endtime="20231113 11:36:59.202"/>
</kw>
<kw name="Capture Page Screenshot" library="SeleniumLibrary">
<doc>Takes a screenshot of the current page and embeds it into a log file.</doc>
<msg timestamp="20231113 11:36:59.511" level="INFO" html="true">&lt;/td&gt;&lt;/tr&gt;&lt;tr&gt;&lt;td colspan="3"&gt;&lt;a href="selenium-screenshot-7.png"&gt;&lt;img src="selenium-screenshot-7.png" width="800px"&gt;&lt;/a&gt;</msg>
<status status="PASS" starttime="20231113 11:36:59.202" endtime="20231113 11:36:59.511"/>
</kw>
<status status="PASS" starttime="20231113 11:36:57.479" endtime="20231113 11:36:59.511"/>
</kw>
<status status="PASS" starttime="20231113 11:36:37.389" endtime="20231113 11:36:59.516"/>
</test>
<kw name="Fechar Navegador" library="context" type="TEARDOWN">
<kw name="Close Browser" library="SeleniumLibrary">
<doc>Closes the current browser.</doc>
<status status="PASS" starttime="20231113 11:36:59.521" endtime="20231113 11:37:02.277"/>
</kw>
<status status="PASS" starttime="20231113 11:36:59.521" endtime="20231113 11:37:02.277"/>
</kw>
<status status="PASS" starttime="20231113 11:36:26.282" endtime="20231113 11:37:02.277"/>
</suite>
<statistics>
<total>
<stat pass="1" fail="0" skip="0">All Tests</stat>
</total>
<tag>
</tag>
<suite>
<stat pass="1" fail="0" skip="0" id="s1" name="Cadastro">Cadastro</stat>
</suite>
</statistics>
<errors>
</errors>
</robot>
